<?xml version="1.0" encoding="UTF-8"?>
<!-- Generated by org.testng.reporters.JUnitReportReporter -->
<testsuite hostname="SRADDANK-WS01" name="com.testscripts.testsc" tests="1" failures="0" timestamp="31 Aug 2015 02:19:17 GMT" time="17.797" errors="0">
  <testcase name="test1" time="17.797" classname="com.testscripts.testsc"/>
</testsuite> <!-- com.testscripts.testsc -->
