<?xml version="1.0" encoding="UTF-8"?>
<!-- Generated by org.testng.reporters.JUnitReportReporter -->
<testsuite hostname="SRADDANK-WS01" name="com.testscripts.searchAndOrder" tests="1" failures="0" timestamp="31 Aug 2015 17:25:35 GMT" time="140.509" errors="0">
  <testcase name="searchandorder" time="140.509" classname="com.testscripts.searchAndOrder"/>
</testsuite> <!-- com.testscripts.searchAndOrder -->
